<?xml version="1.0" encoding="UTF-8"?>
<Site BuildName="(empty)"
	BuildStamp="20230629-1410-Experimental"
	Name="(empty)"
	Generator="ctest-3.16.3"
	CompilerName=""
	CompilerVersion=""
	OSName="Linux"
	Hostname="161842ac3e43"
	OSRelease="5.15.0-75-generic"
	OSVersion="#82~20.04.1-Ubuntu SMP Wed Jun 7 19:37:37 UTC 2023"
	OSPlatform="x86_64"
	Is64Bits="1"
	VendorString="GenuineIntel"
	VendorID="Intel Corporation"
	FamilyID="6"
	ModelID="142"
	ProcessorCacheSize="6144"
	NumberOfLogicalCPU="8"
	NumberOfPhysicalCPU="4"
	TotalVirtualMemory="1951"
	TotalPhysicalMemory="15590"
	LogicalProcessorsPerPhysical="2"
	ProcessorClockFrequency="3367.17"
	>
	<Testing>
		<StartDateTime>Jun 29 16:10 CEST</StartDateTime>
		<StartTestTime>1688047839</StartTestTime>
		<TestList/>
		<EndDateTime>Jun 29 16:10 CEST</EndDateTime>
		<EndTestTime>1688047839</EndTestTime>
		<ElapsedMinutes>0</ElapsedMinutes>
	</Testing>
</Site>
